<?xml version="1.0" encoding="UTF-8" ?>
<testsuite failures="0" time="0" errors="0" skipped="0" tests="11" name="br.com.senacrs.alp.aulas.MinhaListaImpTest">
  <properties>
    <property name="java.runtime.name" value="Java(TM) SE Runtime Environment"/>
    <property name="sun.boot.library.path" value="C:\Program Files\Java\jre7\bin"/>
    <property name="java.vm.version" value="23.3-b01"/>
    <property name="java.vm.vendor" value="Oracle Corporation"/>
    <property name="java.vendor.url" value="http://java.oracle.com/"/>
    <property name="path.separator" value=";"/>
    <property name="java.vm.name" value="Java HotSpot(TM) 64-Bit Server VM"/>
    <property name="file.encoding.pkg" value="sun.io"/>
    <property name="user.script" value=""/>
    <property name="user.country" value="US"/>
    <property name="sun.java.launcher" value="SUN_STANDARD"/>
    <property name="sun.os.patch.level" value="Service Pack 1"/>
    <property name="java.vm.specification.name" value="Java Virtual Machine Specification"/>
    <property name="user.dir" value="C:\Users\Dharyus\git\Algoritmos2\entregas\trabalho4"/>
    <property name="java.runtime.version" value="1.7.0_07-b11"/>
    <property name="java.awt.graphicsenv" value="sun.awt.Win32GraphicsEnvironment"/>
    <property name="basedir" value="C:\Users\Dharyus\git\Algoritmos2\entregas\trabalho4"/>
    <property name="java.endorsed.dirs" value="C:\Program Files\Java\jre7\lib\endorsed"/>
    <property name="os.arch" value="amd64"/>
    <property name="surefire.real.class.path" value="C:\Users\Dharyus\git\Algoritmos2\entregas\trabalho4\target\surefire\surefirebooter1643280092289017885.jar"/>
    <property name="java.io.tmpdir" value="C:\Users\Dharyus\AppData\Local\Temp\"/>
    <property name="line.separator" value="
"/>
    <property name="java.vm.specification.vendor" value="Oracle Corporation"/>
    <property name="user.variant" value=""/>
    <property name="os.name" value="Windows 7"/>
    <property name="sun.jnu.encoding" value="Cp1252"/>
    <property name="java.library.path" value="C:\Program Files\Java\jre7\bin;C:\Windows\Sun\Java\bin;C:\Windows\system32;C:\Windows;C:\Program Files (x86)\AMD APP\bin\x86_64;C:\Program Files (x86)\AMD APP\bin\x86;C:\Program Files\Common Files\Microsoft Shared\Windows Live;C:\Program Files (x86)\Common Files\Microsoft Shared\Windows Live;C:\Windows\system32;C:\Windows;C:\Windows\System32\Wbem;C:\Windows\System32\WindowsPowerShell\v1.0\;C:\Program Files (x86)\ATI Technologies\ATI.ACE\Core-Static;C:\Program Files (x86)\Windows Live\Shared;."/>
    <property name="surefire.test.class.path" value="C:\Users\Dharyus\git\Algoritmos2\entregas\trabalho4\target\test-classes;C:\Users\Dharyus\git\Algoritmos2\entregas\trabalho4\target\classes;C:\Users\Dharyus\.m2\repository\junit\junit\3.8.1\junit-3.8.1.jar;"/>
    <property name="java.specification.name" value="Java Platform API Specification"/>
    <property name="java.class.version" value="51.0"/>
    <property name="sun.management.compiler" value="HotSpot 64-Bit Tiered Compilers"/>
    <property name="os.version" value="6.1"/>
    <property name="user.home" value="C:\Users\Dharyus"/>
    <property name="user.timezone" value=""/>
    <property name="java.awt.printerjob" value="sun.awt.windows.WPrinterJob"/>
    <property name="java.specification.version" value="1.7"/>
    <property name="file.encoding" value="Cp1252"/>
    <property name="user.name" value="Dharyus"/>
    <property name="java.class.path" value="C:\Users\Dharyus\git\Algoritmos2\entregas\trabalho4\target\test-classes;C:\Users\Dharyus\git\Algoritmos2\entregas\trabalho4\target\classes;C:\Users\Dharyus\.m2\repository\junit\junit\3.8.1\junit-3.8.1.jar;"/>
    <property name="java.vm.specification.version" value="1.7"/>
    <property name="sun.arch.data.model" value="64"/>
    <property name="java.home" value="C:\Program Files\Java\jre7"/>
    <property name="sun.java.command" value="C:\Users\Dharyus\git\Algoritmos2\entregas\trabalho4\target\surefire\surefirebooter1643280092289017885.jar C:\Users\Dharyus\git\Algoritmos2\entregas\trabalho4\target\surefire\surefire7373049724898957447tmp C:\Users\Dharyus\git\Algoritmos2\entregas\trabalho4\target\surefire\surefire7335886092972314805tmp"/>
    <property name="java.specification.vendor" value="Oracle Corporation"/>
    <property name="user.language" value="en"/>
    <property name="awt.toolkit" value="sun.awt.windows.WToolkit"/>
    <property name="java.vm.info" value="mixed mode"/>
    <property name="java.version" value="1.7.0_07"/>
    <property name="java.ext.dirs" value="C:\Program Files\Java\jre7\lib\ext;C:\Windows\Sun\Java\lib\ext"/>
    <property name="sun.boot.class.path" value="C:\Program Files\Java\jre7\lib\resources.jar;C:\Program Files\Java\jre7\lib\rt.jar;C:\Program Files\Java\jre7\lib\sunrsasign.jar;C:\Program Files\Java\jre7\lib\jsse.jar;C:\Program Files\Java\jre7\lib\jce.jar;C:\Program Files\Java\jre7\lib\charsets.jar;C:\Program Files\Java\jre7\lib\jfr.jar;C:\Program Files\Java\jre7\classes"/>
    <property name="java.vendor" value="Oracle Corporation"/>
    <property name="localRepository" value="C:\Users\Dharyus\.m2\repository"/>
    <property name="file.separator" value="\"/>
    <property name="java.vendor.url.bug" value="http://bugreport.sun.com/bugreport/"/>
    <property name="sun.cpu.endian" value="little"/>
    <property name="sun.io.unicode.encoding" value="UnicodeLittle"/>
    <property name="sun.desktop" value="windows"/>
    <property name="sun.cpu.isalist" value="amd64"/>
  </properties>
  <testcase time="0" classname="br.com.senacrs.alp.aulas.MinhaListaImpTest" name="br.com.senacrs.alp.aulas.MinhaListaImpTest.testMinhaListaImp"/>
  <testcase time="0" classname="br.com.senacrs.alp.aulas.MinhaListaImpTest" name="br.com.senacrs.alp.aulas.MinhaListaImpTest.testBuscarExcede"/>
  <testcase time="0" classname="br.com.senacrs.alp.aulas.MinhaListaImpTest" name="br.com.senacrs.alp.aulas.MinhaListaImpTest.testInserirExcede"/>
  <testcase time="0" classname="br.com.senacrs.alp.aulas.MinhaListaImpTest" name="br.com.senacrs.alp.aulas.MinhaListaImpTest.testRemoverExcede"/>
  <testcase time="0" classname="br.com.senacrs.alp.aulas.MinhaListaImpTest" name="br.com.senacrs.alp.aulas.MinhaListaImpTest.testTamanhoZero"/>
  <testcase time="0" classname="br.com.senacrs.alp.aulas.MinhaListaImpTest" name="br.com.senacrs.alp.aulas.MinhaListaImpTest.testBuscar"/>
  <testcase time="0" classname="br.com.senacrs.alp.aulas.MinhaListaImpTest" name="br.com.senacrs.alp.aulas.MinhaListaImpTest.testPrefixar"/>
  <testcase time="0" classname="br.com.senacrs.alp.aulas.MinhaListaImpTest" name="br.com.senacrs.alp.aulas.MinhaListaImpTest.testSufixar"/>
  <testcase time="0" classname="br.com.senacrs.alp.aulas.MinhaListaImpTest" name="br.com.senacrs.alp.aulas.MinhaListaImpTest.testInserir"/>
  <testcase time="0" classname="br.com.senacrs.alp.aulas.MinhaListaImpTest" name="br.com.senacrs.alp.aulas.MinhaListaImpTest.testRemover"/>
  <testcase time="0" classname="br.com.senacrs.alp.aulas.MinhaListaImpTest" name="br.com.senacrs.alp.aulas.MinhaListaImpTest.testTamanho"/>
</testsuite>