<?xml version="1.0" encoding="UTF-8" ?>
<testsuite failures="0" time="0.064" errors="0" skipped="0" tests="11" name="br.com.senacrs.alp.aulas.MinhaListaImpTest">
  <properties>
    <property name="java.runtime.name" value="Java(TM) SE Runtime Environment"/>
    <property name="sun.boot.library.path" value="C:\Program Files\Java\jre6\bin"/>
    <property name="java.vm.version" value="20.6-b01"/>
    <property name="java.vm.vendor" value="Sun Microsystems Inc."/>
    <property name="java.vendor.url" value="http://java.sun.com/"/>
    <property name="path.separator" value=";"/>
    <property name="java.vm.name" value="Java HotSpot(TM) Client VM"/>
    <property name="file.encoding.pkg" value="sun.io"/>
    <property name="user.country" value="BR"/>
    <property name="sun.java.launcher" value="SUN_STANDARD"/>
    <property name="sun.os.patch.level" value="Service Pack 1"/>
    <property name="java.vm.specification.name" value="Java Virtual Machine Specification"/>
    <property name="user.dir" value="U:\git\Algoritmos2\entregas\trabalho4"/>
    <property name="java.runtime.version" value="1.6.0_31-b05"/>
    <property name="java.awt.graphicsenv" value="sun.awt.Win32GraphicsEnvironment"/>
    <property name="basedir" value="U:\git\Algoritmos2\entregas\trabalho4"/>
    <property name="java.endorsed.dirs" value="C:\Program Files\Java\jre6\lib\endorsed"/>
    <property name="os.arch" value="x86"/>
    <property name="surefire.real.class.path" value="U:\git\Algoritmos2\entregas\trabalho4\target\surefire\surefirebooter7662594491599522068.jar"/>
    <property name="java.io.tmpdir" value="C:\Users\631210~2\AppData\Local\Temp\"/>
    <property name="line.separator" value="
"/>
    <property name="java.vm.specification.vendor" value="Sun Microsystems Inc."/>
    <property name="user.variant" value=""/>
    <property name="os.name" value="Windows 7"/>
    <property name="sun.jnu.encoding" value="Cp1252"/>
    <property name="java.library.path" value="C:\Program Files\Java\jre6\bin;C:\Windows\Sun\Java\bin;C:\Windows\system32;C:\Windows;C:/Program Files/Java/jre6/bin/client;C:/Program Files/Java/jre6/bin;C:/Program Files/Java/jre6/lib/i386;C:\Program Files\NVIDIA Corporation\PhysX\Common;C:\Python26\Lib\site-packages\PyQt4\bin;C:\Python32\;C:\Python32\Scripts;C:\Windows\system32;C:\Windows;C:\Windows\System32\Wbem;C:\Windows\System32\WindowsPowerShell\v1.0\;C:\Program Files\ATI Technologies\ATI.ACE\Core-Static;C:\Program Files\GTK2-Runtime\bin;c:\Program Files\Microsoft SQL Server\100\Tools\Binn\;c:\Program Files\Microsoft SQL Server\100\DTS\Binn\;C:\Program Files\TortoiseSVN\bin;C:\Aplicativos\eclipse;;."/>
    <property name="surefire.test.class.path" value="U:\git\Algoritmos2\entregas\trabalho4\target\test-classes;U:\git\Algoritmos2\entregas\trabalho4\target\classes;C:\Users\tifatec\.m2\repository\junit\junit\3.8.1\junit-3.8.1.jar;"/>
    <property name="java.specification.name" value="Java Platform API Specification"/>
    <property name="java.class.version" value="50.0"/>
    <property name="sun.management.compiler" value="HotSpot Client Compiler"/>
    <property name="os.version" value="6.1"/>
    <property name="user.home" value="C:\Users\tifatec"/>
    <property name="user.timezone" value=""/>
    <property name="java.awt.printerjob" value="sun.awt.windows.WPrinterJob"/>
    <property name="java.specification.version" value="1.6"/>
    <property name="file.encoding" value="Cp1252"/>
    <property name="user.name" value="631210010"/>
    <property name="java.class.path" value="U:\git\Algoritmos2\entregas\trabalho4\target\test-classes;U:\git\Algoritmos2\entregas\trabalho4\target\classes;C:\Users\tifatec\.m2\repository\junit\junit\3.8.1\junit-3.8.1.jar;"/>
    <property name="java.vm.specification.version" value="1.0"/>
    <property name="sun.arch.data.model" value="32"/>
    <property name="java.home" value="C:\Program Files\Java\jre6"/>
    <property name="sun.java.command" value="U:\git\Algoritmos2\entregas\trabalho4\target\surefire\surefirebooter7662594491599522068.jar U:\git\Algoritmos2\entregas\trabalho4\target\surefire\surefire5541335783500576327tmp U:\git\Algoritmos2\entregas\trabalho4\target\surefire\surefire6954728504460973068tmp"/>
    <property name="java.specification.vendor" value="Sun Microsystems Inc."/>
    <property name="user.language" value="pt"/>
    <property name="awt.toolkit" value="sun.awt.windows.WToolkit"/>
    <property name="java.vm.info" value="mixed mode, sharing"/>
    <property name="java.version" value="1.6.0_31"/>
    <property name="java.ext.dirs" value="C:\Program Files\Java\jre6\lib\ext;C:\Windows\Sun\Java\lib\ext"/>
    <property name="sun.boot.class.path" value="C:\Program Files\Java\jre6\lib\resources.jar;C:\Program Files\Java\jre6\lib\rt.jar;C:\Program Files\Java\jre6\lib\sunrsasign.jar;C:\Program Files\Java\jre6\lib\jsse.jar;C:\Program Files\Java\jre6\lib\jce.jar;C:\Program Files\Java\jre6\lib\charsets.jar;C:\Program Files\Java\jre6\lib\modules\jdk.boot.jar;C:\Program Files\Java\jre6\classes"/>
    <property name="java.vendor" value="Sun Microsystems Inc."/>
    <property name="localRepository" value="C:\Users\tifatec\.m2\repository"/>
    <property name="file.separator" value="\"/>
    <property name="java.vendor.url.bug" value="http://java.sun.com/cgi-bin/bugreport.cgi"/>
    <property name="sun.cpu.endian" value="little"/>
    <property name="sun.io.unicode.encoding" value="UnicodeLittle"/>
    <property name="sun.desktop" value="windows"/>
    <property name="sun.cpu.isalist" value=""/>
  </properties>
  <testcase time="0.02" classname="br.com.senacrs.alp.aulas.MinhaListaImpTest" name="br.com.senacrs.alp.aulas.MinhaListaImpTest.testMinhaListaImp"/>
  <testcase time="0" classname="br.com.senacrs.alp.aulas.MinhaListaImpTest" name="br.com.senacrs.alp.aulas.MinhaListaImpTest.testSufixar"/>
  <testcase time="0" classname="br.com.senacrs.alp.aulas.MinhaListaImpTest" name="br.com.senacrs.alp.aulas.MinhaListaImpTest.testPrefixar"/>
  <testcase time="0.001" classname="br.com.senacrs.alp.aulas.MinhaListaImpTest" name="br.com.senacrs.alp.aulas.MinhaListaImpTest.testBuscar"/>
  <testcase time="0" classname="br.com.senacrs.alp.aulas.MinhaListaImpTest" name="br.com.senacrs.alp.aulas.MinhaListaImpTest.testBuscarExcede"/>
  <testcase time="0" classname="br.com.senacrs.alp.aulas.MinhaListaImpTest" name="br.com.senacrs.alp.aulas.MinhaListaImpTest.testInserir"/>
  <testcase time="0" classname="br.com.senacrs.alp.aulas.MinhaListaImpTest" name="br.com.senacrs.alp.aulas.MinhaListaImpTest.testInserirExcede"/>
  <testcase time="0" classname="br.com.senacrs.alp.aulas.MinhaListaImpTest" name="br.com.senacrs.alp.aulas.MinhaListaImpTest.testRemover"/>
  <testcase time="0" classname="br.com.senacrs.alp.aulas.MinhaListaImpTest" name="br.com.senacrs.alp.aulas.MinhaListaImpTest.testRemoverExcede"/>
  <testcase time="0" classname="br.com.senacrs.alp.aulas.MinhaListaImpTest" name="br.com.senacrs.alp.aulas.MinhaListaImpTest.testTamanhoZero"/>
  <testcase time="0" classname="br.com.senacrs.alp.aulas.MinhaListaImpTest" name="br.com.senacrs.alp.aulas.MinhaListaImpTest.testTamanho"/>
</testsuite>